# JRE version: Java(TM) SE Runtime Environment (14.0.2+12) (build 14.0.2+12-46)
# Java VM: Java HotSpot(TM) 64-Bit Server VM (14.0.2+12-46, mixed mode, sharing, tiered, compressed oops, g1 gc, windows-amd64)
Heap:
 garbage-first heap   total 110592K, used 27193K [0x0000000081e00000, 0x0000000100000000)
  region size 1024K, 4 young (4096K), 4 survivors (4096K)
 Metaspace       used 50386K, capacity 51574K, committed 51712K, reserved 1093632K
  class space    used 6896K, capacity 7354K, committed 7424K, reserved 1048576K
GC Heap History (20 events):
Event: 6.815 GC heap after
{Heap after GC invocations=12 (full 0):
 garbage-first heap   total 55296K, used 18037K [0x0000000081e00000, 0x0000000100000000)
  region size 1024K, 3 young (3072K), 3 survivors (3072K)
 Metaspace       used 25637K, capacity 26477K, committed 26752K, reserved 1073152K
  class space    used 3298K, capacity 3644K, committed 3712K, reserved 1048576K
}
Event: 7.325 GC heap before
{Heap before GC invocations=12 (full 0):
 garbage-first heap   total 55296K, used 43637K [0x0000000081e00000, 0x0000000100000000)
  region size 1024K, 28 young (28672K), 3 survivors (3072K)
 Metaspace       used 26407K, capacity 27322K, committed 27648K, reserved 1073152K
  class space    used 3409K, capacity 3767K, committed 3840K, reserved 1048576K
}
Event: 7.338 GC heap after
{Heap after GC invocations=13 (full 0):
 garbage-first heap   total 55296K, used 18889K [0x0000000081e00000, 0x0000000100000000)
  region size 1024K, 3 young (3072K), 3 survivors (3072K)
 Metaspace       used 26407K, capacity 27322K, committed 27648K, reserved 1073152K
  class space    used 3409K, capacity 3767K, committed 3840K, reserved 1048576K
}
Event: 7.878 GC heap before
{Heap before GC invocations=13 (full 0):
 garbage-first heap   total 55296K, used 44489K [0x0000000081e00000, 0x0000000100000000)
  region size 1024K, 28 young (28672K), 3 survivors (3072K)
 Metaspace       used 28003K, capacity 28918K, committed 29184K, reserved 1075200K
  class space    used 3641K, capacity 4017K, committed 4096K, reserved 1048576K
}
Event: 7.890 GC heap after
{Heap after GC invocations=14 (full 0):
 garbage-first heap   total 66560K, used 19609K [0x0000000081e00000, 0x0000000100000000)
  region size 1024K, 3 young (3072K), 3 survivors (3072K)
 Metaspace       used 28003K, capacity 28918K, committed 29184K, reserved 1075200K
  class space    used 3641K, capacity 4017K, committed 4096K, reserved 1048576K
}
Event: 8.809 GC heap before
{Heap before GC invocations=14 (full 0):
 garbage-first heap   total 66560K, used 53401K [0x0000000081e00000, 0x0000000100000000)
  region size 1024K, 36 young (36864K), 3 survivors (3072K)
 Metaspace       used 30502K, capacity 31542K, committed 31744K, reserved 1077248K
  class space    used 4106K, capacity 4514K, committed 4608K, reserved 1048576K
}
Event: 8.825 GC heap after
{Heap after GC invocations=15 (full 0):
 garbage-first heap   total 66560K, used 20700K [0x0000000081e00000, 0x0000000100000000)
  region size 1024K, 3 young (3072K), 3 survivors (3072K)
 Metaspace       used 30502K, capacity 31542K, committed 31744K, reserved 1077248K
  class space    used 4106K, capacity 4514K, committed 4608K, reserved 1048576K
}
Event: 9.569 GC heap before
{Heap before GC invocations=15 (full 0):
 garbage-first heap   total 66560K, used 54492K [0x0000000081e00000, 0x0000000100000000)
  region size 1024K, 36 young (36864K), 3 survivors (3072K)
 Metaspace       used 33012K, capacity 34095K, committed 34304K, reserved 1079296K
  class space    used 4431K, capacity 4861K, committed 4864K, reserved 1048576K
}
Event: 9.585 GC heap after
{Heap after GC invocations=16 (full 0):
 garbage-first heap   total 66560K, used 22221K [0x0000000081e00000, 0x0000000100000000)
  region size 1024K, 4 young (4096K), 4 survivors (4096K)
 Metaspace       used 33012K, capacity 34095K, committed 34304K, reserved 1079296K
  class space    used 4431K, capacity 4861K, committed 4864K, reserved 1048576K
}
Event: 9.849 GC heap before
{Heap before GC invocations=16 (full 0):
 garbage-first heap   total 66560K, used 33485K [0x0000000081e00000, 0x0000000100000000)
  region size 1024K, 16 young (16384K), 4 survivors (4096K)
 Metaspace       used 34711K, capacity 35759K, committed 35840K, reserved 1079296K
  class space    used 4628K, capacity 5053K, committed 5120K, reserved 1048576K
}
Event: 9.866 GC heap after
{Heap after GC invocations=17 (full 0):
 garbage-first heap   total 66560K, used 22646K [0x0000000081e00000, 0x0000000100000000)
  region size 1024K, 3 young (3072K), 3 survivors (3072K)
 Metaspace       used 34711K, capacity 35759K, committed 35840K, reserved 1079296K
  class space    used 4628K, capacity 5053K, committed 5120K, reserved 1048576K
}
Event: 10.483 GC heap before
{Heap before GC invocations=18 (full 0):
 garbage-first heap   total 66560K, used 54390K [0x0000000081e00000, 0x0000000100000000)
  region size 1024K, 34 young (34816K), 3 survivors (3072K)
 Metaspace       used 36382K, capacity 37483K, committed 37504K, reserved 1081344K
  class space    used 4809K, capacity 5242K, committed 5248K, reserved 1048576K
}
Event: 10.495 GC heap after
{Heap after GC invocations=19 (full 0):
 garbage-first heap   total 87040K, used 23834K [0x0000000081e00000, 0x0000000100000000)
  region size 1024K, 4 young (4096K), 4 survivors (4096K)
 Metaspace       used 36382K, capacity 37483K, committed 37504K, reserved 1081344K
  class space    used 4809K, capacity 5242K, committed 5248K, reserved 1048576K
}
Event: 11.690 GC heap before
{Heap before GC invocations=19 (full 0):
 garbage-first heap   total 87040K, used 71962K [0x0000000081e00000, 0x0000000100000000)
  region size 1024K, 51 young (52224K), 4 survivors (4096K)
 Metaspace       used 40775K, capacity 41961K, committed 42240K, reserved 1085440K
  class space    used 5345K, capacity 5797K, committed 5888K, reserved 1048576K
}
Event: 11.711 GC heap after
{Heap after GC invocations=20 (full 0):
 garbage-first heap   total 87040K, used 25313K [0x0000000081e00000, 0x0000000100000000)
  region size 1024K, 5 young (5120K), 5 survivors (5120K)
 Metaspace       used 40775K, capacity 41961K, committed 42240K, reserved 1085440K
  class space    used 5345K, capacity 5797K, committed 5888K, reserved 1048576K
}
Event: 13.466 GC heap before
{Heap before GC invocations=20 (full 0):
 garbage-first heap   total 87040K, used 72417K [0x0000000081e00000, 0x0000000100000000)
  region size 1024K, 51 young (52224K), 5 survivors (5120K)
 Metaspace       used 43869K, capacity 45005K, committed 45056K, reserved 1087488K
  class space    used 5906K, capacity 6364K, committed 6400K, reserved 1048576K
}
Event: 13.493 GC heap after
{Heap after GC invocations=21 (full 0):
 garbage-first heap   total 87040K, used 26214K [0x0000000081e00000, 0x0000000100000000)
  region size 1024K, 4 young (4096K), 4 survivors (4096K)
 Metaspace       used 43869K, capacity 45005K, committed 45056K, reserved 1087488K
  class space    used 5906K, capacity 6364K, committed 6400K, reserved 1048576K
}
Event: 14.079 GC heap before
{Heap before GC invocations=21 (full 0):
 garbage-first heap   total 87040K, used 72294K [0x0000000081e00000, 0x0000000100000000)
  region size 1024K, 49 young (50176K), 4 survivors (4096K)
 Metaspace       used 46927K, capacity 48062K, committed 48384K, reserved 1091584K
  class space    used 6326K, capacity 6786K, committed 6912K, reserved 1048576K
}
Event: 14.098 GC heap after
{Heap after GC invocations=22 (full 0):
 garbage-first heap   total 87040K, used 26881K [0x0000000081e00000, 0x0000000100000000)
  region size 1024K, 3 young (3072K), 3 survivors (3072K)
 Metaspace       used 46927K, capacity 48062K, committed 48384K, reserved 1091584K
  class space    used 6326K, capacity 6786K, committed 6912K, reserved 1048576K
}
Event: 14.736 GC heap before
{Heap before GC invocations=22 (full 0):
 garbage-first heap   total 87040K, used 72961K [0x0000000081e00000, 0x0000000100000000)
  region size 1024K, 48 young (49152K), 3 survivors (3072K)
 Metaspace       used 50386K, capacity 51574K, committed 51712K, reserved 1093632K
  class space    used 6896K, capacity 7354K, committed 7424K, reserved 1048576K
}

