# JRE version: Java(TM) SE Runtime Environment (14.0.2+12) (build 14.0.2+12-46)
# Java VM: Java HotSpot(TM) 64-Bit Server VM (14.0.2+12-46, mixed mode, sharing, tiered, compressed oops, g1 gc, windows-amd64)
Heap:
 garbage-first heap   total 131072K, used 57405K [0x0000000081e00000, 0x0000000100000000)
  region size 1024K, 49 young (50176K), 7 survivors (7168K)
 Metaspace       used 16536K, capacity 17199K, committed 17408K, reserved 1064960K
  class space    used 2183K, capacity 2436K, committed 2560K, reserved 1048576K
GC Heap History (6 events):
Event: 0.833 GC heap before
{Heap before GC invocations=0 (full 0):
 garbage-first heap   total 131072K, used 22528K [0x0000000081e00000, 0x0000000100000000)
  region size 1024K, 23 young (23552K), 0 survivors (0K)
 Metaspace       used 2244K, capacity 5240K, committed 5504K, reserved 1056768K
  class space    used 231K, capacity 519K, committed 640K, reserved 1048576K
}
Event: 0.844 GC heap after
{Heap after GC invocations=1 (full 0):
 garbage-first heap   total 131072K, used 6873K [0x0000000081e00000, 0x0000000100000000)
  region size 1024K, 3 young (3072K), 3 survivors (3072K)
 Metaspace       used 2244K, capacity 5240K, committed 5504K, reserved 1056768K
  class space    used 231K, capacity 519K, committed 640K, reserved 1048576K
}
Event: 1.727 GC heap before
{Heap before GC invocations=1 (full 0):
 garbage-first heap   total 131072K, used 33497K [0x0000000081e00000, 0x0000000100000000)
  region size 1024K, 29 young (29696K), 3 survivors (3072K)
 Metaspace       used 5185K, capacity 7169K, committed 7424K, reserved 1056768K
  class space    used 626K, capacity 897K, committed 1024K, reserved 1048576K
}
Event: 1.737 GC heap after
{Heap after GC invocations=2 (full 0):
 garbage-first heap   total 131072K, used 13059K [0x0000000081e00000, 0x0000000100000000)
  region size 1024K, 4 young (4096K), 4 survivors (4096K)
 Metaspace       used 5185K, capacity 7169K, committed 7424K, reserved 1056768K
  class space    used 626K, capacity 897K, committed 1024K, reserved 1048576K
}
Event: 3.973 GC heap before
{Heap before GC invocations=2 (full 0):
 garbage-first heap   total 131072K, used 79619K [0x0000000081e00000, 0x0000000100000000)
  region size 1024K, 69 young (70656K), 4 survivors (4096K)
 Metaspace       used 13953K, capacity 14586K, committed 14848K, reserved 1062912K
  class space    used 1790K, capacity 2019K, committed 2048K, reserved 1048576K
}
Event: 3.984 GC heap after
{Heap after GC invocations=3 (full 0):
 garbage-first heap   total 131072K, used 15421K [0x0000000081e00000, 0x0000000100000000)
  region size 1024K, 7 young (7168K), 7 survivors (7168K)
 Metaspace       used 13953K, capacity 14586K, committed 14848K, reserved 1062912K
  class space    used 1790K, capacity 2019K, committed 2048K, reserved 1048576K
}

